[0.009s] Invoking command in '/home/thijs/sick_scan_ws/src/build/libsick_ldmrs': CMAKE_PREFIX_PATH=/opt/ros/humble /usr/bin/cmake /home/thijs/sick_scan_ws/src/libsick_ldmrs -DCMAKE_INSTALL_PREFIX=/home/thijs/sick_scan_ws/src/install/libsick_ldmrs
[0.039s] [0mCMake Deprecation Warning at CMakeLists.txt:1 (cmake_minimum_required):
[0.039s]   Compatibility with CMake < 2.8.12 will be removed from a future version of
[0.039s]   CMake.
[0.039s] 
[0.040s]   Update the VERSION argument <min> value or use a ...<max> suffix to tell
[0.040s]   CMake that the project does not need compatibility with older versions.
[0.040s] 
[0.040s] [0m
[0.232s] -- The C compiler identification is GNU 12.3.0
[0.387s] -- The CXX compiler identification is GNU 11.4.0
[0.397s] -- Detecting C compiler ABI info
[0.462s] -- Detecting C compiler ABI info - done
[0.470s] -- Check for working C compiler: /usr/bin/cc - skipped
[0.470s] -- Detecting C compile features
[0.471s] -- Detecting C compile features - done
[0.475s] -- Detecting CXX compiler ABI info
[0.546s] -- Detecting CXX compiler ABI info - done
[0.554s] -- Check for working CXX compiler: /usr/bin/c++ - skipped
[0.554s] -- Detecting CXX compile features
[0.555s] -- Detecting CXX compile features - done
[0.558s] -- Configuring done
[0.573s] -- Generating done
[0.574s] -- Build files have been written to: /home/thijs/sick_scan_ws/src/build/libsick_ldmrs
[0.577s] Invoked command in '/home/thijs/sick_scan_ws/src/build/libsick_ldmrs' returned '0': CMAKE_PREFIX_PATH=/opt/ros/humble /usr/bin/cmake /home/thijs/sick_scan_ws/src/libsick_ldmrs -DCMAKE_INSTALL_PREFIX=/home/thijs/sick_scan_ws/src/install/libsick_ldmrs
[0.578s] Invoking command in '/home/thijs/sick_scan_ws/src/build/libsick_ldmrs': CMAKE_PREFIX_PATH=/opt/ros/humble /usr/bin/cmake --build /home/thijs/sick_scan_ws/src/build/libsick_ldmrs -- -j12 -l12
[0.623s] [  2%] [32mBuilding CXX object src/CMakeFiles/sick_ldmrs.dir/application/LdmrsFieldApp.cpp.o[0m
[0.623s] [  4%] [32mBuilding CXX object src/CMakeFiles/LDMRS_Example.dir/application/LdmrsNtpTimeApp.cpp.o[0m
[0.624s] [  2%] [32mBuilding CXX object src/CMakeFiles/LDMRS_Example.dir/application/LdmrsFieldApp.cpp.o[0m
[0.624s] [  4%] [32mBuilding CXX object src/CMakeFiles/LDMRS_Example.dir/application/LdmrsSectorChangeApp.cpp.o[0m
[0.624s] [  5%] [32mBuilding CXX object src/CMakeFiles/sick_ldmrs.dir/application/LdmrsNtpTimeApp.cpp.o[0m
[0.624s] [  6%] [32mBuilding CXX object src/CMakeFiles/LDMRS_Example.dir/application/LdmrsScanpointCoordinateApp.cpp.o[0m
[0.624s] [  7%] [32mBuilding CXX object src/CMakeFiles/sick_ldmrs.dir/application/LdmrsScanpointCoordinateApp.cpp.o[0m
[0.624s] [  9%] [32mBuilding CXX object src/CMakeFiles/LDMRS_Example.dir/application/BasicApplication.cpp.o[0m
[0.624s] [  9%] [32mBuilding CXX object src/CMakeFiles/sick_ldmrs.dir/application/BasicApplication.cpp.o[0m
[0.624s] [  9%] [32mBuilding CXX object src/CMakeFiles/LDMRS_Example.dir/application/LdmrsApp.cpp.o[0m
[0.625s] [  9%] [32mBuilding CXX object src/CMakeFiles/sick_ldmrs.dir/application/LdmrsApp.cpp.o[0m
[0.625s] [ 10%] [32mBuilding CXX object src/CMakeFiles/sick_ldmrs.dir/application/LdmrsSectorChangeApp.cpp.o[0m
[0.972s] [ 11%] [32mBuilding CXX object src/CMakeFiles/LDMRS_Example.dir/devices/BasicDevice.cpp.o[0m
[0.976s] [ 12%] [32mBuilding CXX object src/CMakeFiles/LDMRS_Example.dir/devices/LD_MRS.cpp.o[0m
[1.287s] [ 13%] [32mBuilding CXX object src/CMakeFiles/sick_ldmrs.dir/devices/BasicDevice.cpp.o[0m
[1.393s] [ 14%] [32mBuilding CXX object src/CMakeFiles/LDMRS_Example.dir/devices/LuxBase.cpp.o[0m
[1.422s] [ 16%] [32mBuilding CXX object src/CMakeFiles/LDMRS_Example.dir/sopas/SopasBase.cpp.o[0m
[1.423s] [ 16%] [32mBuilding CXX object src/CMakeFiles/LDMRS_Example.dir/sopas/LdmrsSopasLayer.cpp.o[0m
[1.434s] [ 17%] [32mBuilding CXX object src/CMakeFiles/LDMRS_Example.dir/sopas/colaa.cpp.o[0m
[1.568s] [ 18%] [32mBuilding CXX object src/CMakeFiles/LDMRS_Example.dir/sopas/colab.cpp.o[0m
[1.584s] [ 19%] [32mBuilding CXX object src/CMakeFiles/sick_ldmrs.dir/devices/LD_MRS.cpp.o[0m
[1.610s] [ 20%] [32mBuilding CXX object src/CMakeFiles/sick_ldmrs.dir/devices/LuxBase.cpp.o[0m
[1.653s] [ 21%] [32mBuilding CXX object src/CMakeFiles/LDMRS_Example.dir/datatypes/Measurement.cpp.o[0m
[1.671s] [ 22%] [32mBuilding CXX object src/CMakeFiles/LDMRS_Example.dir/datatypes/SensorStateInfo.cpp.o[0m
[1.768s] [ 23%] [32mBuilding CXX object src/CMakeFiles/LDMRS_Example.dir/datatypes/Fields.cpp.o[0m
[1.782s] [ 24%] [32mBuilding CXX object src/CMakeFiles/sick_ldmrs.dir/sopas/LdmrsSopasLayer.cpp.o[0m
[1.845s] [ 25%] [32mBuilding CXX object src/CMakeFiles/sick_ldmrs.dir/sopas/SopasBase.cpp.o[0m
[1.897s] [ 26%] [32mBuilding CXX object src/CMakeFiles/LDMRS_Example.dir/datatypes/FieldParameter.cpp.o[0m
[1.990s] [ 27%] [32mBuilding CXX object src/CMakeFiles/sick_ldmrs.dir/sopas/colaa.cpp.o[0m
[1.993s] [ 28%] [32mBuilding CXX object src/CMakeFiles/sick_ldmrs.dir/sopas/colab.cpp.o[0m
[2.318s] [ 29%] [32mBuilding CXX object src/CMakeFiles/sick_ldmrs.dir/datatypes/Measurement.cpp.o[0m
[2.387s] [ 30%] [32mBuilding CXX object src/CMakeFiles/LDMRS_Example.dir/datatypes/FieldDescription.cpp.o[0m
[2.499s] [ 31%] [32mBuilding CXX object src/CMakeFiles/sick_ldmrs.dir/datatypes/SensorStateInfo.cpp.o[0m
[2.552s] [ 32%] [32mBuilding CXX object src/CMakeFiles/sick_ldmrs.dir/datatypes/Fields.cpp.o[0m
[2.582s] [ 33%] [32mBuilding CXX object src/CMakeFiles/LDMRS_Example.dir/datatypes/EvalCase.cpp.o[0m
[2.631s] [ 34%] [32mBuilding CXX object src/CMakeFiles/LDMRS_Example.dir/datatypes/EvalCases.cpp.o[0m
[2.746s] [ 35%] [32mBuilding CXX object src/CMakeFiles/sick_ldmrs.dir/datatypes/FieldParameter.cpp.o[0m
[2.779s] [ 37%] [32mBuilding CXX object src/CMakeFiles/sick_ldmrs.dir/datatypes/FieldDescription.cpp.o[0m
[2.779s] [ 37%] [32mBuilding CXX object src/CMakeFiles/sick_ldmrs.dir/datatypes/EvalCase.cpp.o[0m
[2.938s] [ 38%] [32mBuilding CXX object src/CMakeFiles/sick_ldmrs.dir/datatypes/EvalCases.cpp.o[0m
[2.946s] [ 39%] [32mBuilding CXX object src/CMakeFiles/LDMRS_Example.dir/datatypes/EvalCaseResult.cpp.o[0m
[2.972s] [ 40%] [32mBuilding CXX object src/CMakeFiles/sick_ldmrs.dir/datatypes/EvalCaseResult.cpp.o[0m
[2.990s] [ 41%] [32mBuilding CXX object src/CMakeFiles/sick_ldmrs.dir/datatypes/EvalCaseResults.cpp.o[0m
[2.995s] [ 42%] [32mBuilding CXX object src/CMakeFiles/LDMRS_Example.dir/datatypes/EvalCaseResults.cpp.o[0m
[3.137s] [ 43%] [32mBuilding CXX object src/CMakeFiles/sick_ldmrs.dir/datatypes/Polygon2D.cpp.o[0m
[3.184s] [ 44%] [32mBuilding CXX object src/CMakeFiles/LDMRS_Example.dir/datatypes/Polygon2D.cpp.o[0m
[3.292s] [ 45%] [32mBuilding CXX object src/CMakeFiles/LDMRS_Example.dir/datatypes/Polygon3D.cpp.o[0m
[3.342s] [ 46%] [32mBuilding CXX object src/CMakeFiles/LDMRS_Example.dir/datatypes/Trigger.cpp.o[0m
[3.362s] [ 47%] [32mBuilding CXX object src/CMakeFiles/sick_ldmrs.dir/datatypes/Polygon3D.cpp.o[0m
[3.374s] [ 48%] [32mBuilding CXX object src/CMakeFiles/sick_ldmrs.dir/datatypes/Trigger.cpp.o[0m
[3.402s] [ 49%] [32mBuilding CXX object src/CMakeFiles/sick_ldmrs.dir/datatypes/Point2D.cpp.o[0m
[3.409s] [ 50%] [32mBuilding CXX object src/CMakeFiles/LDMRS_Example.dir/datatypes/Point2D.cpp.o[0m
[3.455s] [ 50%] [32mBuilding CXX object src/CMakeFiles/LDMRS_Example.dir/datatypes/Point3D.cpp.o[0m
[3.470s] [ 51%] [32mBuilding CXX object src/CMakeFiles/LDMRS_Example.dir/datatypes/Position3D.cpp.o[0m
[3.470s] [ 51%] [32mBuilding CXX object src/CMakeFiles/sick_ldmrs.dir/datatypes/Point3D.cpp.o[0m
[3.618s] [ 52%] [32mBuilding CXX object src/CMakeFiles/LDMRS_Example.dir/datatypes/PositionWGS84.cpp.o[0m
[3.755s] [ 53%] [32mBuilding CXX object src/CMakeFiles/sick_ldmrs.dir/datatypes/Position3D.cpp.o[0m
[3.792s] [ 54%] [32mBuilding CXX object src/CMakeFiles/LDMRS_Example.dir/datatypes/Circle2D.cpp.o[0m
[3.973s] [ 56%] [32mBuilding CXX object src/CMakeFiles/sick_ldmrs.dir/datatypes/PositionWGS84.cpp.o[0m
[3.974s] [ 56%] [32mBuilding CXX object src/CMakeFiles/sick_ldmrs.dir/datatypes/Circle2D.cpp.o[0m
[4.007s] [ 57%] [32mBuilding CXX object src/CMakeFiles/LDMRS_Example.dir/datatypes/Ellipse2D.cpp.o[0m
[4.021s] [ 58%] [32mBuilding CXX object src/CMakeFiles/sick_ldmrs.dir/datatypes/Ellipse2D.cpp.o[0m
[4.082s] [ 59%] [32mBuilding CXX object src/CMakeFiles/sick_ldmrs.dir/datatypes/Box2D.cpp.o[0m
[4.112s] [ 60%] [32mBuilding CXX object src/CMakeFiles/sick_ldmrs.dir/datatypes/Line2D.cpp.o[0m
[4.123s] [ 61%] [32mBuilding CXX object src/CMakeFiles/sick_ldmrs.dir/datatypes/Msg.cpp.o[0m
[4.258s] [ 62%] [32mBuilding CXX object src/CMakeFiles/sick_ldmrs.dir/datatypes/Scan.cpp.o[0m
[4.307s] [ 63%] [32mBuilding CXX object src/CMakeFiles/LDMRS_Example.dir/datatypes/Box2D.cpp.o[0m
[4.358s] [ 64%] [32mBuilding CXX object src/CMakeFiles/sick_ldmrs.dir/datatypes/ScanPoint.cpp.o[0m
[4.400s] [ 65%] [32mBuilding CXX object src/CMakeFiles/sick_ldmrs.dir/datatypes/ScannerInfo.cpp.o[0m
[4.409s] [ 66%] [32mBuilding CXX object src/CMakeFiles/sick_ldmrs.dir/datatypes/Object.cpp.o[0m
[4.551s] [ 67%] [32mBuilding CXX object src/CMakeFiles/LDMRS_Example.dir/datatypes/Line2D.cpp.o[0m
[4.556s] [ 68%] [32mBuilding CXX object src/CMakeFiles/LDMRS_Example.dir/datatypes/Msg.cpp.o[0m
[4.642s] [ 69%] [32mBuilding CXX object src/CMakeFiles/sick_ldmrs.dir/interfaces/tcp.cpp.o[0m
[4.665s] [ 70%] [32mBuilding CXX object src/CMakeFiles/LDMRS_Example.dir/datatypes/Scan.cpp.o[0m
[4.737s] [ 71%] [32mBuilding CXX object src/CMakeFiles/sick_ldmrs.dir/interfaces/file.cpp.o[0m
[4.814s] [ 72%] [32mBuilding CXX object src/CMakeFiles/LDMRS_Example.dir/datatypes/ScanPoint.cpp.o[0m
[4.828s] [ 73%] [32mBuilding CXX object src/CMakeFiles/LDMRS_Example.dir/datatypes/ScannerInfo.cpp.o[0m
[4.973s] [ 74%] [32mBuilding CXX object src/CMakeFiles/sick_ldmrs.dir/tools/errorhandler.cpp.o[0m
[5.017s] [ 75%] [32mBuilding CXX object src/CMakeFiles/sick_ldmrs.dir/tools/SickThread.cpp.o[0m
[5.042s] [ 76%] [32mBuilding CXX object src/CMakeFiles/sick_ldmrs.dir/tools/Mutex.cpp.o[0m
[5.095s] [ 77%] [32mBuilding CXX object src/CMakeFiles/LDMRS_Example.dir/datatypes/Object.cpp.o[0m
[5.165s] [ 78%] [32mBuilding CXX object src/CMakeFiles/LDMRS_Example.dir/interfaces/tcp.cpp.o[0m
[5.249s] [ 79%] [32mBuilding CXX object src/CMakeFiles/sick_ldmrs.dir/tools/toolbox.cpp.o[0m
[5.253s] [ 80%] [32mBuilding CXX object src/CMakeFiles/LDMRS_Example.dir/interfaces/file.cpp.o[0m
[5.260s] [ 81%] [32mBuilding CXX object src/CMakeFiles/sick_ldmrs.dir/tools/MathToolbox.cpp.o[0m
[5.290s] [ 82%] [32mBuilding CXX object src/CMakeFiles/LDMRS_Example.dir/tools/errorhandler.cpp.o[0m
[5.321s] [ 83%] [32mBuilding CXX object src/CMakeFiles/LDMRS_Example.dir/tools/SickThread.cpp.o[0m
[5.334s] [ 84%] [32mBuilding CXX object src/CMakeFiles/LDMRS_Example.dir/tools/Mutex.cpp.o[0m
[5.448s] [ 85%] [32mBuilding CXX object src/CMakeFiles/LDMRS_Example.dir/tools/toolbox.cpp.o[0m
[5.571s] [ 86%] [32mBuilding CXX object src/CMakeFiles/sick_ldmrs.dir/tools/BasicDataBuffer.cpp.o[0m
[5.608s] [ 87%] [32mBuilding CXX object src/CMakeFiles/LDMRS_Example.dir/tools/MathToolbox.cpp.o[0m
[5.615s] [ 88%] [32mBuilding CXX object src/CMakeFiles/sick_ldmrs.dir/tools/Timer.cpp.o[0m
[5.618s] [ 89%] [32mBuilding CXX object src/CMakeFiles/sick_ldmrs.dir/tools/Time.cpp.o[0m
[5.623s] [ 90%] [32mBuilding CXX object src/CMakeFiles/sick_ldmrs.dir/tools/WatchdogTimer.cpp.o[0m
[5.635s] [ 91%] [32mBuilding CXX object src/CMakeFiles/LDMRS_Example.dir/tools/BasicDataBuffer.cpp.o[0m
[5.727s] [ 92%] [32mBuilding CXX object src/CMakeFiles/LDMRS_Example.dir/tools/Timer.cpp.o[0m
[5.785s] [ 93%] [32mBuilding CXX object src/CMakeFiles/sick_ldmrs.dir/manager.cpp.o[0m
[5.855s] [ 94%] [32mBuilding CXX object src/CMakeFiles/LDMRS_Example.dir/tools/Time.cpp.o[0m
[5.863s] [ 95%] [32mBuilding CXX object src/CMakeFiles/sick_ldmrs.dir/main.cpp.o[0m
[5.930s] [ 96%] [32mBuilding CXX object src/CMakeFiles/LDMRS_Example.dir/tools/WatchdogTimer.cpp.o[0m
[5.932s] [ 97%] [32mBuilding CXX object src/CMakeFiles/LDMRS_Example.dir/manager.cpp.o[0m
[5.955s] [ 98%] [32mBuilding CXX object src/CMakeFiles/LDMRS_Example.dir/main.cpp.o[0m
[6.502s] [ 99%] [32m[1mLinking CXX shared library libsick_ldmrs.so[0m
[6.600s] [100%] [32m[1mLinking CXX executable LDMRS_Example[0m
[6.680s] [100%] Built target sick_ldmrs
[6.754s] [100%] Built target LDMRS_Example
[6.765s] Invoked command in '/home/thijs/sick_scan_ws/src/build/libsick_ldmrs' returned '0': CMAKE_PREFIX_PATH=/opt/ros/humble /usr/bin/cmake --build /home/thijs/sick_scan_ws/src/build/libsick_ldmrs -- -j12 -l12
[6.790s] Invoking command in '/home/thijs/sick_scan_ws/src/build/libsick_ldmrs': CMAKE_PREFIX_PATH=/opt/ros/humble /usr/bin/cmake --install /home/thijs/sick_scan_ws/src/build/libsick_ldmrs
[6.796s] -- Install configuration: ""
[6.796s] -- Installing: /home/thijs/sick_scan_ws/src/install/libsick_ldmrs/lib/cmake/SickLDMRS/SickLDMRSConfig.cmake
[6.797s] -- Installing: /home/thijs/sick_scan_ws/src/install/libsick_ldmrs/lib/cmake/SickLDMRS/SickLDMRSConfigVersion.cmake
[6.797s] -- Installing: /home/thijs/sick_scan_ws/src/install/libsick_ldmrs/lib/cmake/SickLDMRS/SickLDMRSTargets.cmake
[6.797s] -- Installing: /home/thijs/sick_scan_ws/src/install/libsick_ldmrs/lib/cmake/SickLDMRS/SickLDMRSTargets-noconfig.cmake
[6.797s] -- Installing: /home/thijs/sick_scan_ws/src/install/libsick_ldmrs/share/sick_ldmrs/package.xml
[6.797s] -- Installing: /home/thijs/sick_scan_ws/src/install/libsick_ldmrs/bin/LDMRS_Example
[6.799s] -- Installing: /home/thijs/sick_scan_ws/src/install/libsick_ldmrs/lib/libsick_ldmrs.so.0.1.0
[6.800s] -- Installing: /home/thijs/sick_scan_ws/src/install/libsick_ldmrs/lib/libsick_ldmrs.so.0
[6.800s] -- Installing: /home/thijs/sick_scan_ws/src/install/libsick_ldmrs/lib/libsick_ldmrs.so
[6.800s] -- Installing: /home/thijs/sick_scan_ws/src/install/libsick_ldmrs/include/sick_ldmrs/.
[6.801s] -- Installing: /home/thijs/sick_scan_ws/src/install/libsick_ldmrs/include/sick_ldmrs/./interfaces
[6.801s] -- Installing: /home/thijs/sick_scan_ws/src/install/libsick_ldmrs/include/sick_ldmrs/./interfaces/file.hpp
[6.801s] -- Installing: /home/thijs/sick_scan_ws/src/install/libsick_ldmrs/include/sick_ldmrs/./interfaces/tcp.hpp
[6.801s] -- Installing: /home/thijs/sick_scan_ws/src/install/libsick_ldmrs/include/sick_ldmrs/./datatypes
[6.801s] -- Installing: /home/thijs/sick_scan_ws/src/install/libsick_ldmrs/include/sick_ldmrs/./datatypes/Polygon2D.hpp
[6.801s] -- Installing: /home/thijs/sick_scan_ws/src/install/libsick_ldmrs/include/sick_ldmrs/./datatypes/Box2D.hpp
[6.801s] -- Installing: /home/thijs/sick_scan_ws/src/install/libsick_ldmrs/include/sick_ldmrs/./datatypes/Measurement.hpp
[6.801s] -- Installing: /home/thijs/sick_scan_ws/src/install/libsick_ldmrs/include/sick_ldmrs/./datatypes/Fields.hpp
[6.801s] -- Installing: /home/thijs/sick_scan_ws/src/install/libsick_ldmrs/include/sick_ldmrs/./datatypes/Polygon3D.hpp
[6.801s] -- Installing: /home/thijs/sick_scan_ws/src/install/libsick_ldmrs/include/sick_ldmrs/./datatypes/Point2D.hpp
[6.801s] -- Installing: /home/thijs/sick_scan_ws/src/install/libsick_ldmrs/include/sick_ldmrs/./datatypes/EvalCase.hpp
[6.801s] -- Installing: /home/thijs/sick_scan_ws/src/install/libsick_ldmrs/include/sick_ldmrs/./datatypes/EvalCases.hpp
[6.802s] -- Installing: /home/thijs/sick_scan_ws/src/install/libsick_ldmrs/include/sick_ldmrs/./datatypes/EvalCaseResult.hpp
[6.802s] -- Installing: /home/thijs/sick_scan_ws/src/install/libsick_ldmrs/include/sick_ldmrs/./datatypes/Msg.hpp
[6.802s] -- Installing: /home/thijs/sick_scan_ws/src/install/libsick_ldmrs/include/sick_ldmrs/./datatypes/Point3D.hpp
[6.802s] -- Installing: /home/thijs/sick_scan_ws/src/install/libsick_ldmrs/include/sick_ldmrs/./datatypes/PositionWGS84.hpp
[6.802s] -- Installing: /home/thijs/sick_scan_ws/src/install/libsick_ldmrs/include/sick_ldmrs/./datatypes/EvalCaseResults.hpp
[6.802s] -- Installing: /home/thijs/sick_scan_ws/src/install/libsick_ldmrs/include/sick_ldmrs/./datatypes/ScanPoint.hpp
[6.802s] -- Installing: /home/thijs/sick_scan_ws/src/install/libsick_ldmrs/include/sick_ldmrs/./datatypes/Trigger.hpp
[6.802s] -- Installing: /home/thijs/sick_scan_ws/src/install/libsick_ldmrs/include/sick_ldmrs/./datatypes/ScannerInfo.hpp
[6.803s] -- Installing: /home/thijs/sick_scan_ws/src/install/libsick_ldmrs/include/sick_ldmrs/./datatypes/SensorStateInfo.hpp
[6.803s] -- Installing: /home/thijs/sick_scan_ws/src/install/libsick_ldmrs/include/sick_ldmrs/./datatypes/Object.hpp
[6.803s] -- Installing: /home/thijs/sick_scan_ws/src/install/libsick_ldmrs/include/sick_ldmrs/./datatypes/FieldParameter.hpp
[6.803s] -- Installing: /home/thijs/sick_scan_ws/src/install/libsick_ldmrs/include/sick_ldmrs/./datatypes/Circle2D.hpp
[6.803s] -- Installing: /home/thijs/sick_scan_ws/src/install/libsick_ldmrs/include/sick_ldmrs/./datatypes/Position3D.hpp
[6.803s] -- Installing: /home/thijs/sick_scan_ws/src/install/libsick_ldmrs/include/sick_ldmrs/./datatypes/FieldDescription.hpp
[6.803s] -- Installing: /home/thijs/sick_scan_ws/src/install/libsick_ldmrs/include/sick_ldmrs/./datatypes/Line2D.hpp
[6.803s] -- Installing: /home/thijs/sick_scan_ws/src/install/libsick_ldmrs/include/sick_ldmrs/./datatypes/Scan.hpp
[6.803s] -- Installing: /home/thijs/sick_scan_ws/src/install/libsick_ldmrs/include/sick_ldmrs/./datatypes/Ellipse2D.hpp
[6.803s] -- Installing: /home/thijs/sick_scan_ws/src/install/libsick_ldmrs/include/sick_ldmrs/./devices
[6.804s] -- Installing: /home/thijs/sick_scan_ws/src/install/libsick_ldmrs/include/sick_ldmrs/./devices/LD_MRS.hpp
[6.804s] -- Installing: /home/thijs/sick_scan_ws/src/install/libsick_ldmrs/include/sick_ldmrs/./devices/LuxBase.hpp
[6.804s] -- Installing: /home/thijs/sick_scan_ws/src/install/libsick_ldmrs/include/sick_ldmrs/./devices/BasicDevice.hpp
[6.804s] -- Installing: /home/thijs/sick_scan_ws/src/install/libsick_ldmrs/include/sick_ldmrs/./BasicDatatypes.hpp
[6.804s] -- Installing: /home/thijs/sick_scan_ws/src/install/libsick_ldmrs/include/sick_ldmrs/./sopas
[6.804s] -- Installing: /home/thijs/sick_scan_ws/src/install/libsick_ldmrs/include/sick_ldmrs/./sopas/LdmrsSopasLayer.hpp
[6.804s] -- Installing: /home/thijs/sick_scan_ws/src/install/libsick_ldmrs/include/sick_ldmrs/./sopas/colab.hpp
[6.804s] -- Installing: /home/thijs/sick_scan_ws/src/install/libsick_ldmrs/include/sick_ldmrs/./sopas/colaa.hpp
[6.804s] -- Installing: /home/thijs/sick_scan_ws/src/install/libsick_ldmrs/include/sick_ldmrs/./sopas/SopasBase.hpp
[6.804s] -- Installing: /home/thijs/sick_scan_ws/src/install/libsick_ldmrs/include/sick_ldmrs/./manager.hpp
[6.805s] -- Installing: /home/thijs/sick_scan_ws/src/install/libsick_ldmrs/include/sick_ldmrs/./application
[6.805s] -- Installing: /home/thijs/sick_scan_ws/src/install/libsick_ldmrs/include/sick_ldmrs/./application/LdmrsNtpTimeApp.hpp
[6.805s] -- Installing: /home/thijs/sick_scan_ws/src/install/libsick_ldmrs/include/sick_ldmrs/./application/LdmrsApp.hpp
[6.805s] -- Installing: /home/thijs/sick_scan_ws/src/install/libsick_ldmrs/include/sick_ldmrs/./application/LdmrsScanpointCoordinateApp.hpp
[6.805s] -- Installing: /home/thijs/sick_scan_ws/src/install/libsick_ldmrs/include/sick_ldmrs/./application/LdmrsFieldApp.hpp
[6.805s] -- Installing: /home/thijs/sick_scan_ws/src/install/libsick_ldmrs/include/sick_ldmrs/./application/BasicApplication.hpp
[6.805s] -- Installing: /home/thijs/sick_scan_ws/src/install/libsick_ldmrs/include/sick_ldmrs/./application/LdmrsSectorChangeApp.hpp
[6.805s] -- Installing: /home/thijs/sick_scan_ws/src/install/libsick_ldmrs/include/sick_ldmrs/./tools
[6.805s] -- Installing: /home/thijs/sick_scan_ws/src/install/libsick_ldmrs/include/sick_ldmrs/./tools/WatchdogTimer.hpp
[6.805s] -- Installing: /home/thijs/sick_scan_ws/src/install/libsick_ldmrs/include/sick_ldmrs/./tools/BasicDataBuffer.hpp
[6.806s] -- Installing: /home/thijs/sick_scan_ws/src/install/libsick_ldmrs/include/sick_ldmrs/./tools/SickThread.hpp
[6.806s] -- Installing: /home/thijs/sick_scan_ws/src/install/libsick_ldmrs/include/sick_ldmrs/./tools/Mutex.hpp
[6.806s] -- Installing: /home/thijs/sick_scan_ws/src/install/libsick_ldmrs/include/sick_ldmrs/./tools/errorhandler.hpp
[6.806s] -- Installing: /home/thijs/sick_scan_ws/src/install/libsick_ldmrs/include/sick_ldmrs/./tools/MathToolbox.hpp
[6.806s] -- Installing: /home/thijs/sick_scan_ws/src/install/libsick_ldmrs/include/sick_ldmrs/./tools/Time.hpp
[6.806s] -- Installing: /home/thijs/sick_scan_ws/src/install/libsick_ldmrs/include/sick_ldmrs/./tools/Timer.hpp
[6.806s] -- Installing: /home/thijs/sick_scan_ws/src/install/libsick_ldmrs/include/sick_ldmrs/./tools/toolbox.hpp
[6.808s] Invoked command in '/home/thijs/sick_scan_ws/src/build/libsick_ldmrs' returned '0': CMAKE_PREFIX_PATH=/opt/ros/humble /usr/bin/cmake --install /home/thijs/sick_scan_ws/src/build/libsick_ldmrs
